<?xml version="1.0" encoding="UTF-8"?>
<!-- Generated by org.testng.reporters.JUnitXMLReporter -->
<testsuite hostname="IBM-97TS8F4" failures="0" tests="3" name="test-1" time="21.398" errors="0" timestamp="22 Jul 2026 07:36:10 GMT">
  <testcase classname="com.webOrders.test.WebOrder_Product_Price_Discount_Verification" name="verifyProductPrice" time="2.593"/>
  <testcase classname="com.webOrders.test.WebOrder_Product_Price_Discount_Verification" name="verifyProductPrice" time="1.927"/>
  <testcase classname="com.webOrders.test.WebOrder_Product_Price_Discount_Verification" name="verifyProductPrice" time="2.037"/>
</testsuite> <!-- test-1 -->
