<?xml version="1.0" encoding="UTF-8"?>
<!-- Generated by org.testng.reporters.JUnitXMLReporter -->
<testsuite hostname="IBM-97TS8F4" failures="0" tests="3" name="test-1" time="40.68" errors="0" timestamp="23 Jul 2026 07:33:21 GMT">
  <testcase classname="com.webOrders.test.WebOrders_Login" name="loginTest" time="11.594"/>
  <testcase classname="com.webOrders.test.WebOrders_Login" name="urlTest" time="10.496"/>
  <testcase classname="com.webOrders.test.WebOrders_Login" name="verifyText" time="8.475"/>
</testsuite> <!-- test-1 -->
