<?xml version="1.0" encoding="UTF-8"?>
<testng-results total="3" passed="3" failed="0" skipped="0">
  <reporter-output>
  </reporter-output>
  <suite started-at="2026-07-23T08:15:29Z" name="Page Object test example" finished-at="2026-07-23T08:16:16Z" duration-ms="46573">
    <groups>
    </groups>
    <test started-at="2026-07-23T08:15:29Z" name="test-1" finished-at="2026-07-23T08:16:16Z" duration-ms="46573">
      <class name="com.webOrders.test.WebOrders_Login">
        <test-method is-config="true" signature="SetUp(java.lang.String)[pri:0, instance:com.webOrders.test.WebOrders_Login@593aaf41]" started-at="2026-07-23T13:45:29Z" name="SetUp" finished-at="2026-07-23T13:45:30Z" duration-ms="333" status="PASS">
          <params>
            <param index="0">
              <value>
                <![CDATA[edge]]>
              </value>
            </param>
          </params>
          <reporter-output>
          </reporter-output>
        </test-method> <!-- SetUp -->
        <test-method is-config="true" signature="initializeTestBaseSetup(java.lang.String, java.lang.String)[pri:0, instance:com.webOrders.test.WebOrders_Login@593aaf41]" started-at="2026-07-23T13:45:30Z" name="initializeTestBaseSetup" finished-at="2026-07-23T13:45:37Z" duration-ms="7790" status="PASS">
          <params>
            <param index="0">
              <value>
                <![CDATA[edge]]>
              </value>
            </param>
            <param index="1">
              <value>
                <![CDATA[http://secure.smartbearsoftware.com/samples/TestComplete11/WebOrders/Login.aspx?ReturnUrl=%2fsamples%2fTestComplete11%2fWebOrders%2fDefault.aspx]]>
              </value>
            </param>
          </params>
          <reporter-output>
          </reporter-output>
        </test-method> <!-- initializeTestBaseSetup -->
        <test-method is-config="true" signature="setUp()[pri:0, instance:com.webOrders.test.WebOrders_Login@593aaf41]" started-at="2026-07-23T13:45:37Z" name="setUp" finished-at="2026-07-23T13:45:37Z" duration-ms="30" status="PASS">
          <reporter-output>
          </reporter-output>
        </test-method> <!-- setUp -->
        <test-method signature="loginTest()[pri:0, instance:com.webOrders.test.WebOrders_Login@593aaf41]" started-at="2026-07-23T13:45:37Z" name="loginTest" description="Login and validate the WebOrder Homepage Text" finished-at="2026-07-23T13:45:51Z" duration-ms="13496" status="PASS">
          <reporter-output>
          </reporter-output>
        </test-method> <!-- loginTest -->
        <test-method is-config="true" signature="takeScreenshot(org.testng.ITestResult)[pri:0, instance:com.webOrders.test.WebOrders_Login@593aaf41]" started-at="2026-07-23T13:45:51Z" name="takeScreenshot" finished-at="2026-07-23T13:45:51Z" duration-ms="23" status="PASS">
          <params>
            <param index="0">
              <value>
                <![CDATA[[TestResult name=loginTest status=SUCCESS method=WebOrders_Login.loginTest()[pri:0, instance:com.webOrders.test.WebOrders_Login@593aaf41] output={null}]]]>
              </value>
            </param>
          </params>
          <reporter-output>
          </reporter-output>
        </test-method> <!-- takeScreenshot -->
        <test-method signature="urlTest()[pri:0, instance:com.webOrders.test.WebOrders_Login@593aaf41]" started-at="2026-07-23T13:45:51Z" name="urlTest" description="validateURL() method call for URL verification" finished-at="2026-07-23T13:46:02Z" duration-ms="10698" status="PASS">
          <reporter-output>
          </reporter-output>
        </test-method> <!-- urlTest -->
        <test-method is-config="true" signature="takeScreenshot(org.testng.ITestResult)[pri:0, instance:com.webOrders.test.WebOrders_Login@593aaf41]" started-at="2026-07-23T13:46:02Z" name="takeScreenshot" finished-at="2026-07-23T13:46:02Z" duration-ms="1" status="PASS">
          <params>
            <param index="0">
              <value>
                <![CDATA[[TestResult name=urlTest status=SUCCESS method=WebOrders_Login.urlTest()[pri:0, instance:com.webOrders.test.WebOrders_Login@593aaf41] output={null}]]]>
              </value>
            </param>
          </params>
          <reporter-output>
          </reporter-output>
        </test-method> <!-- takeScreenshot -->
        <test-method signature="verifyText()[pri:0, instance:com.webOrders.test.WebOrders_Login@593aaf41]" started-at="2026-07-23T13:46:02Z" name="verifyText" description="validateTitle() method call for Title verification" finished-at="2026-07-23T13:46:13Z" duration-ms="11011" status="PASS">
          <reporter-output>
          </reporter-output>
        </test-method> <!-- verifyText -->
        <test-method is-config="true" signature="takeScreenshot(org.testng.ITestResult)[pri:0, instance:com.webOrders.test.WebOrders_Login@593aaf41]" started-at="2026-07-23T13:46:13Z" name="takeScreenshot" finished-at="2026-07-23T13:46:13Z" duration-ms="1" status="PASS">
          <params>
            <param index="0">
              <value>
                <![CDATA[[TestResult name=verifyText status=SUCCESS method=WebOrders_Login.verifyText()[pri:0, instance:com.webOrders.test.WebOrders_Login@593aaf41] output={null}]]]>
              </value>
            </param>
          </params>
          <reporter-output>
          </reporter-output>
        </test-method> <!-- takeScreenshot -->
        <test-method is-config="true" signature="tearDown()[pri:0, instance:com.webOrders.test.WebOrders_Login@593aaf41]" started-at="2026-07-23T13:46:13Z" name="tearDown" finished-at="2026-07-23T13:46:16Z" duration-ms="3174" status="PASS">
          <reporter-output>
          </reporter-output>
        </test-method> <!-- tearDown -->
      </class> <!-- com.webOrders.test.WebOrders_Login -->
    </test> <!-- test-1 -->
  </suite> <!-- Page Object test example -->
</testng-results>
