<?xml version="1.0" encoding="UTF-8"?>
<!-- Generated by org.testng.reporters.JUnitReportReporter -->
<testsuite hostname="IBM-97TS8F4" failures="0" tests="3" name="com.webOrders.test.WebOrder_Product_Price_Discount_Verification" time="6.562" errors="0" timestamp="22 Jul 2026 07:36:10 GMT">
  <testcase classname="com.webOrders.test.WebOrder_Product_Price_Discount_Verification" name="verifyProductPrice" time="2.041"/>
  <testcase classname="com.webOrders.test.WebOrder_Product_Price_Discount_Verification" name="verifyProductPrice" time="2.594"/>
  <testcase classname="com.webOrders.test.WebOrder_Product_Price_Discount_Verification" name="verifyProductPrice" time="1.927"/>
</testsuite> <!-- com.webOrders.test.WebOrder_Product_Price_Discount_Verification -->
