<?xml version="1.0" encoding="UTF-8"?>
<!-- Generated by org.testng.reporters.JUnitReportReporter -->
<testsuite hostname="IBM-97TS8F4" failures="0" tests="3" name="com.webOrders.test.WebOrders_Login" time="36.543" errors="0" timestamp="22 Jul 2026 05:33:31 GMT">
  <testcase classname="com.webOrders.test.WebOrders_Login" name="verifyText" time="13.213"/>
  <testcase classname="com.webOrders.test.WebOrders_Login" name="loginTest" time="12.990"/>
  <testcase classname="com.webOrders.test.WebOrders_Login" name="urlTest" time="10.340"/>
</testsuite> <!-- com.webOrders.test.WebOrders_Login -->
