<?xml version="1.0" encoding="UTF-8"?>
<!-- Generated by org.testng.reporters.JUnitReportReporter -->
<testsuite hostname="IBM-97TS8F4" failures="0" tests="17" name="com.webOrders.test.WebOrder_ViewAllOrders_Test" time="55.776" errors="0" timestamp="22 Jul 2026 07:24:56 GMT">
  <testcase classname="com.webOrders.test.WebOrder_ViewAllOrders_Test" name="verifyError" time="2.948"/>
  <testcase classname="com.webOrders.test.WebOrder_ViewAllOrders_Test" name="verifyError" time="4.186"/>
  <testcase classname="com.webOrders.test.WebOrder_ViewAllOrders_Test" name="verifyError" time="2.730"/>
  <testcase classname="com.webOrders.test.WebOrder_ViewAllOrders_Test" name="verifyDeleteOrder" time="1.562"/>
  <testcase classname="com.webOrders.test.WebOrder_ViewAllOrders_Test" name="verifyCheckAll" time="5.403"/>
  <testcase classname="com.webOrders.test.WebOrder_ViewAllOrders_Test" name="verifyError" time="5.338"/>
  <testcase classname="com.webOrders.test.WebOrder_ViewAllOrders_Test" name="verifyError" time="2.890"/>
  <testcase classname="com.webOrders.test.WebOrder_ViewAllOrders_Test" name="verifyError" time="2.058"/>
  <testcase classname="com.webOrders.test.WebOrder_ViewAllOrders_Test" name="verifyError" time="2.212"/>
  <testcase classname="com.webOrders.test.WebOrder_ViewAllOrders_Test" name="verifyError" time="3.948"/>
  <testcase classname="com.webOrders.test.WebOrder_ViewAllOrders_Test" name="verifyError" time="2.161"/>
  <testcase classname="com.webOrders.test.WebOrder_ViewAllOrders_Test" name="verifyEditOrder" time="6.735"/>
  <testcase classname="com.webOrders.test.WebOrder_ViewAllOrders_Test" name="verifyError" time="1.768"/>
  <testcase classname="com.webOrders.test.WebOrder_ViewAllOrders_Test" name="verifyUnCheckAll" time="0.714"/>
  <testcase classname="com.webOrders.test.WebOrder_ViewAllOrders_Test" name="verifyError" time="2.144"/>
  <testcase classname="com.webOrders.test.WebOrder_ViewAllOrders_Test" name="verifyError" time="2.689"/>
  <testcase classname="com.webOrders.test.WebOrder_ViewAllOrders_Test" name="verifyEditOrder" time="6.290"/>
</testsuite> <!-- com.webOrders.test.WebOrder_ViewAllOrders_Test -->
