<?xml version="1.0" encoding="UTF-8"?>
<!-- Generated by org.testng.reporters.JUnitReportReporter -->
<testsuite hostname="IBM-97TS8F4" failures="0" tests="3" name="com.webOrders.test.WebOrders_Login" time="39.327" errors="0" timestamp="23 Jul 2026 09:17:35 GMT">
  <testcase classname="com.webOrders.test.WebOrders_Login" name="verifyText" time="14.571"/>
  <testcase classname="com.webOrders.test.WebOrders_Login" name="urlTest" time="11.605"/>
  <testcase classname="com.webOrders.test.WebOrders_Login" name="loginTest" time="13.151"/>
</testsuite> <!-- com.webOrders.test.WebOrders_Login -->
