<?xml version="1.0" encoding="UTF-8"?>
<!-- Generated by org.testng.reporters.JUnitReportReporter -->
<testsuite hostname="IBM-97TS8F4" failures="0" tests="3" name="com.webOrders.test.WebOrders_Login" time="30.576" errors="0" timestamp="23 Jul 2026 07:33:21 GMT">
  <testcase classname="com.webOrders.test.WebOrders_Login" name="verifyText" time="8.476"/>
  <testcase classname="com.webOrders.test.WebOrders_Login" name="urlTest" time="10.505"/>
  <testcase classname="com.webOrders.test.WebOrders_Login" name="loginTest" time="11.595"/>
</testsuite> <!-- com.webOrders.test.WebOrders_Login -->
